<?xml version="1.0" encoding="UTF-8"?>
<testng-results ignored="0" total="1" passed="1" failed="0" skipped="0">
  <reporter-output>
  </reporter-output>
  <suite started-at="2021-10-06T21:05:08Z" name="Default suite" finished-at="2021-10-06T21:05:15Z" duration-ms="7169">
    <groups>
    </groups>
    <test started-at="2021-10-06T21:05:08Z" name="Default test" finished-at="2021-10-06T21:05:15Z" duration-ms="7169">
      <class name="testngpractise.Testngallpractice">
        <test-method is-config="true" signature="trycatchtostart()[pri:0, instance:testngpractise.Testngallpractice@4e31276e]" started-at="2021-10-06T21:05:08Z" name="trycatchtostart" finished-at="2021-10-06T21:05:08Z" duration-ms="16" status="PASS">
          <reporter-output>
          </reporter-output>
        </test-method> <!-- trycatchtostart -->
        <test-method is-config="true" signature="selection()[pri:0, instance:testngpractise.Testngallpractice@4e31276e]" started-at="2021-10-06T21:05:08Z" name="selection" finished-at="2021-10-06T21:05:13Z" duration-ms="5160" status="PASS">
          <reporter-output>
          </reporter-output>
        </test-method> <!-- selection -->
        <test-method signature="assignment()[pri:0, instance:testngpractise.Testngallpractice@4e31276e]" started-at="2021-10-06T21:05:13Z" name="assignment" finished-at="2021-10-06T21:05:15Z" duration-ms="1962" status="PASS">
          <reporter-output>
          </reporter-output>
        </test-method> <!-- assignment -->
      </class> <!-- testngpractise.Testngallpractice -->
    </test> <!-- Default test -->
  </suite> <!-- Default suite -->
</testng-results>
